Flow report for verilog_ip_pll
Wed Aug 02 20:44:39 2017
Quartus Prime Version 16.0.0 Build 211 04/27/2016 SJ Standard Edition


---------------------
; Table of Contents ;
---------------------
  1. Legal Notice
  2. Flow Summary
  3. Flow Settings
  4. Flow Non-Default Global Settings
  5. Flow Elapsed Time
  6. Flow OS Summary
  7. Flow Log
  8. Flow Messages
  9. Flow Suppressed Messages



----------------
; Legal Notice ;
----------------
Copyright (C) 1991-2016 Altera Corporation. All rights reserved.
Your use of Altera Corporation's design tools, logic functions 
and other software and tools, and its AMPP partner logic 
functions, and any output files from any of the foregoing 
(including device programming or simulation files), and any 
associated documentation or information are expressly subject 
to the terms and conditions of the Altera Program License 
Subscription Agreement, the Altera Quartus Prime License Agreement,
the Altera MegaCore Function License Agreement, or other 
applicable license agreement, including, without limitation, 
that your use is for the sole purpose of programming logic 
devices manufactured by Altera and sold by Altera or its 
authorized distributors.  Please refer to the applicable 
agreement for further details.



+--------------------------------------------------------------------------------------+
; Flow Summary                                                                         ;
+------------------------------------+-------------------------------------------------+
; Flow Status                        ; Successful - Wed Aug 02 20:44:39 2017           ;
; Quartus Prime Version              ; 16.0.0 Build 211 04/27/2016 SJ Standard Edition ;
; Revision Name                      ; verilog_ip_pll                                  ;
; Top-level Entity Name              ; verilog_ip_pll                                  ;
; Family                             ; Cyclone IV E                                    ;
; Total logic elements               ; 0 / 6,272 ( 0 % )                               ;
;     Total combinational functions  ; 0 / 6,272 ( 0 % )                               ;
;     Dedicated logic registers      ; 0 / 6,272 ( 0 % )                               ;
; Total registers                    ; 0                                               ;
; Total pins                         ; 3 / 92 ( 3 % )                                  ;
; Total virtual pins                 ; 0                                               ;
; Total memory bits                  ; 0 / 276,480 ( 0 % )                             ;
; Embedded Multiplier 9-bit elements ; 0 / 30 ( 0 % )                                  ;
; Total PLLs                         ; 1 / 2 ( 50 % )                                  ;
; Device                             ; EP4CE6E22C6                                     ;
; Timing Models                      ; Final                                           ;
+------------------------------------+-------------------------------------------------+


+-----------------------------------------+
; Flow Settings                           ;
+-------------------+---------------------+
; Option            ; Setting             ;
+-------------------+---------------------+
; Start date & time ; 08/02/2017 20:44:19 ;
; Main task         ; Compilation         ;
; Revision Name     ; verilog_ip_pll      ;
+-------------------+---------------------+


+-----------------------------------------------------------------------------------------------------------------------------------+
; Flow Non-Default Global Settings                                                                                                  ;
+--------------------------------------+------------------------------------------+---------------+-------------+-------------------+
; Assignment Name                      ; Value                                    ; Default Value ; Entity Name ; Section Id        ;
+--------------------------------------+------------------------------------------+---------------+-------------+-------------------+
; COMPILER_SIGNATURE_ID                ; 9218713832987.150167785913676            ; --            ; --          ; --                ;
; EDA_DESIGN_INSTANCE_NAME             ; NA                                       ; --            ; --          ; verilog_ip_pll_tb ;
; EDA_NATIVELINK_SIMULATION_TEST_BENCH ; verilog_ip_pll_tb                        ; --            ; --          ; eda_simulation    ;
; EDA_OUTPUT_DATA_FORMAT               ; Verilog Hdl                              ; --            ; --          ; eda_simulation    ;
; EDA_SIMULATION_TOOL                  ; ModelSim (Verilog)                       ; <None>        ; --          ; --                ;
; EDA_TEST_BENCH_ENABLE_STATUS         ; TEST_BENCH_MODE                          ; --            ; --          ; eda_simulation    ;
; EDA_TEST_BENCH_FILE                  ; simulation/modelsim/verilog_ip_pll_tb.vt ; --            ; --          ; verilog_ip_pll_tb ;
; EDA_TEST_BENCH_MODULE_NAME           ; verilog_ip_pll                           ; --            ; --          ; verilog_ip_pll_tb ;
; EDA_TEST_BENCH_NAME                  ; verilog_ip_pll_tb                        ; --            ; --          ; eda_simulation    ;
; EDA_TIME_SCALE                       ; 1 ps                                     ; --            ; --          ; eda_simulation    ;
; MISC_FILE                            ; ip_pll_inst.v                            ; --            ; --          ; --                ;
; MISC_FILE                            ; ip_pll.ppf                               ; --            ; --          ; --                ;
; PARTITION_COLOR                      ; 16764057                                 ; --            ; --          ; Top               ;
; PARTITION_FITTER_PRESERVATION_LEVEL  ; PLACEMENT_AND_ROUTING                    ; --            ; --          ; Top               ;
; PARTITION_NETLIST_TYPE               ; SOURCE                                   ; --            ; --          ; Top               ;
; PROJECT_OUTPUT_DIRECTORY             ; output_files                             ; --            ; --          ; --                ;
+--------------------------------------+------------------------------------------+---------------+-------------+-------------------+


+-------------------------------------------------------------------------------------------------------------------------------+
; Flow Elapsed Time                                                                                                             ;
+---------------------------+--------------+-------------------------+---------------------+------------------------------------+
; Module Name               ; Elapsed Time ; Average Processors Used ; Peak Virtual Memory ; Total CPU Time (on all processors) ;
+---------------------------+--------------+-------------------------+---------------------+------------------------------------+
; Analysis & Synthesis      ; 00:00:10     ; 1.0                     ; 836 MB              ; 00:00:22                           ;
; Fitter                    ; 00:00:03     ; 1.0                     ; 1662 MB             ; 00:00:04                           ;
; Assembler                 ; 00:00:01     ; 1.0                     ; 766 MB              ; 00:00:01                           ;
; TimeQuest Timing Analyzer ; 00:00:02     ; 1.0                     ; 885 MB              ; 00:00:01                           ;
; EDA Netlist Writer        ; 00:00:01     ; 1.0                     ; 736 MB              ; 00:00:01                           ;
; Total                     ; 00:00:17     ; --                      ; --                  ; 00:00:29                           ;
+---------------------------+--------------+-------------------------+---------------------+------------------------------------+


+----------------------------------------------------------------------------------------+
; Flow OS Summary                                                                        ;
+---------------------------+------------------+-----------+------------+----------------+
; Module Name               ; Machine Hostname ; OS Name   ; OS Version ; Processor type ;
+---------------------------+------------------+-----------+------------+----------------+
; Analysis & Synthesis      ; WZL              ; Windows 8 ; 6.2        ; x86_64         ;
; Fitter                    ; WZL              ; Windows 8 ; 6.2        ; x86_64         ;
; Assembler                 ; WZL              ; Windows 8 ; 6.2        ; x86_64         ;
; TimeQuest Timing Analyzer ; WZL              ; Windows 8 ; 6.2        ; x86_64         ;
; EDA Netlist Writer        ; WZL              ; Windows 8 ; 6.2        ; x86_64         ;
+---------------------------+------------------+-----------+------------+----------------+


------------
; Flow Log ;
------------
quartus_map --read_settings_files=on --write_settings_files=off verilog_ip_pll -c verilog_ip_pll
quartus_fit --read_settings_files=off --write_settings_files=off verilog_ip_pll -c verilog_ip_pll
quartus_asm --read_settings_files=off --write_settings_files=off verilog_ip_pll -c verilog_ip_pll
quartus_sta verilog_ip_pll -c verilog_ip_pll
quartus_eda --read_settings_files=off --write_settings_files=off verilog_ip_pll -c verilog_ip_pll



